Build output check failed:
    Regex: 'command[- ]line option .* is valid for .* but not for C'
    Output line: 'cc1: warning: command line option ‘-Wnon-virtual-dtor’ is valid for C++/ObjC++ but not for C'
Compilation failed:
    source file: '/home/zyz/projects/opencv/opencv-4.10.0/build/CMakeFiles/CMakeTmp/src.c'
    check option: ' -fsigned-char -W -Wall -Wreturn-type  -Wnon-virtual-dtor'
===== BUILD LOG =====
Change Dir: /home/zyz/projects/opencv/opencv-4.10.0/build/CMakeFiles/CMakeTmp

Run Build Command(s):/usr/bin/make cmTC_7565c/fast && /usr/bin/make -f CMakeFiles/cmTC_7565c.dir/build.make CMakeFiles/cmTC_7565c.dir/build
make[1]: Entering directory '/home/zyz/projects/opencv/opencv-4.10.0/build/CMakeFiles/CMakeTmp'
Building C object CMakeFiles/cmTC_7565c.dir/src.c.o
/usr/bin/cc   -O3 -DNDEBUG -fPIE    -fsigned-char -W -Wall -Wreturn-type  -Wnon-virtual-dtor -o CMakeFiles/cmTC_7565c.dir/src.c.o   -c /home/zyz/projects/opencv/opencv-4.10.0/build/CMakeFiles/CMakeTmp/src.c
cc1: warning: command line option ‘-Wnon-virtual-dtor’ is valid for C++/ObjC++ but not for C
/home/zyz/projects/opencv/opencv-4.10.0/build/CMakeFiles/CMakeTmp/src.c:1: warning: ignoring #pragma   [-Wunknown-pragmas]
    1 | #pragma
      | 
Linking C executable cmTC_7565c
/usr/bin/cmake -E cmake_link_script CMakeFiles/cmTC_7565c.dir/link.txt --verbose=1
/usr/bin/cc   -O3 -DNDEBUG    CMakeFiles/cmTC_7565c.dir/src.c.o  -o cmTC_7565c 
make[1]: Leaving directory '/home/zyz/projects/opencv/opencv-4.10.0/build/CMakeFiles/CMakeTmp'


===== END =====

Build output check failed:
    Regex: 'command[- ]line option .* is valid for .* but not for C\+\+'
    Output line: 'cc1plus: warning: command line option ‘-Wmissing-prototypes’ is valid for C/ObjC but not for C++'
Compilation failed:
    source file: '/home/zyz/projects/opencv/opencv-4.10.0/build/CMakeFiles/CMakeTmp/src.cxx'
    check option: ' -fsigned-char -W -Wall -Wreturn-type -Wnon-virtual-dtor -Waddress -Wsequence-point -Wformat -Wformat-security -Wmissing-declarations  -Wmissing-prototypes'
===== BUILD LOG =====
Change Dir: /home/zyz/projects/opencv/opencv-4.10.0/build/CMakeFiles/CMakeTmp

Run Build Command(s):/usr/bin/make cmTC_cff6e/fast && /usr/bin/make -f CMakeFiles/cmTC_cff6e.dir/build.make CMakeFiles/cmTC_cff6e.dir/build
make[1]: Entering directory '/home/zyz/projects/opencv/opencv-4.10.0/build/CMakeFiles/CMakeTmp'
Building CXX object CMakeFiles/cmTC_cff6e.dir/src.cxx.o
/usr/bin/c++    -O3 -DNDEBUG -fPIE    -fsigned-char -W -Wall -Wreturn-type -Wnon-virtual-dtor -Waddress -Wsequence-point -Wformat -Wformat-security -Wmissing-declarations  -Wmissing-prototypes -std=c++11 -o CMakeFiles/cmTC_cff6e.dir/src.cxx.o -c /home/zyz/projects/opencv/opencv-4.10.0/build/CMakeFiles/CMakeTmp/src.cxx
cc1plus: warning: command line option ‘-Wmissing-prototypes’ is valid for C/ObjC but not for C++
/home/zyz/projects/opencv/opencv-4.10.0/build/CMakeFiles/CMakeTmp/src.cxx:1: warning: ignoring #pragma   [-Wunknown-pragmas]
    1 | #pragma
      | 
Linking CXX executable cmTC_cff6e
/usr/bin/cmake -E cmake_link_script CMakeFiles/cmTC_cff6e.dir/link.txt --verbose=1
/usr/bin/c++    -O3 -DNDEBUG    CMakeFiles/cmTC_cff6e.dir/src.cxx.o  -o cmTC_cff6e 
make[1]: Leaving directory '/home/zyz/projects/opencv/opencv-4.10.0/build/CMakeFiles/CMakeTmp'


===== END =====

Build output check failed:
    Regex: 'command[- ]line option .* is valid for .* but not for C\+\+'
    Output line: 'cc1plus: warning: command line option ‘-Wstrict-prototypes’ is valid for C/ObjC but not for C++'
Compilation failed:
    source file: '/home/zyz/projects/opencv/opencv-4.10.0/build/CMakeFiles/CMakeTmp/src.cxx'
    check option: ' -fsigned-char -W -Wall -Wreturn-type -Wnon-virtual-dtor -Waddress -Wsequence-point -Wformat -Wformat-security -Wmissing-declarations  -Wstrict-prototypes'
===== BUILD LOG =====
Change Dir: /home/zyz/projects/opencv/opencv-4.10.0/build/CMakeFiles/CMakeTmp

Run Build Command(s):/usr/bin/make cmTC_45761/fast && /usr/bin/make -f CMakeFiles/cmTC_45761.dir/build.make CMakeFiles/cmTC_45761.dir/build
make[1]: Entering directory '/home/zyz/projects/opencv/opencv-4.10.0/build/CMakeFiles/CMakeTmp'
Building CXX object CMakeFiles/cmTC_45761.dir/src.cxx.o
/usr/bin/c++    -O3 -DNDEBUG -fPIE    -fsigned-char -W -Wall -Wreturn-type -Wnon-virtual-dtor -Waddress -Wsequence-point -Wformat -Wformat-security -Wmissing-declarations  -Wstrict-prototypes -std=c++11 -o CMakeFiles/cmTC_45761.dir/src.cxx.o -c /home/zyz/projects/opencv/opencv-4.10.0/build/CMakeFiles/CMakeTmp/src.cxx
cc1plus: warning: command line option ‘-Wstrict-prototypes’ is valid for C/ObjC but not for C++
/home/zyz/projects/opencv/opencv-4.10.0/build/CMakeFiles/CMakeTmp/src.cxx:1: warning: ignoring #pragma   [-Wunknown-pragmas]
    1 | #pragma
      | 
Linking CXX executable cmTC_45761
/usr/bin/cmake -E cmake_link_script CMakeFiles/cmTC_45761.dir/link.txt --verbose=1
/usr/bin/c++    -O3 -DNDEBUG    CMakeFiles/cmTC_45761.dir/src.cxx.o  -o cmTC_45761 
make[1]: Leaving directory '/home/zyz/projects/opencv/opencv-4.10.0/build/CMakeFiles/CMakeTmp'


===== END =====

Build output check failed:
    Regex: 'command[- ]line option .* is valid for .* but not for C'
    Output line: 'cc1: warning: command line option ‘-Wsign-promo’ is valid for C++/ObjC++ but not for C'
Compilation failed:
    source file: '/home/zyz/projects/opencv/opencv-4.10.0/build/CMakeFiles/CMakeTmp/src.c'
    check option: ' -fsigned-char -W -Wall -Wreturn-type -Waddress -Wsequence-point -Wformat -Wformat-security -Wmissing-declarations -Wmissing-prototypes -Wstrict-prototypes -Wundef -Winit-self -Wpointer-arith -Wshadow  -Wsign-promo'
===== BUILD LOG =====
Change Dir: /home/zyz/projects/opencv/opencv-4.10.0/build/CMakeFiles/CMakeTmp

Run Build Command(s):/usr/bin/make cmTC_3b63a/fast && /usr/bin/make -f CMakeFiles/cmTC_3b63a.dir/build.make CMakeFiles/cmTC_3b63a.dir/build
make[1]: Entering directory '/home/zyz/projects/opencv/opencv-4.10.0/build/CMakeFiles/CMakeTmp'
Building C object CMakeFiles/cmTC_3b63a.dir/src.c.o
/usr/bin/cc   -O3 -DNDEBUG -fPIE    -fsigned-char -W -Wall -Wreturn-type -Waddress -Wsequence-point -Wformat -Wformat-security -Wmissing-declarations -Wmissing-prototypes -Wstrict-prototypes -Wundef -Winit-self -Wpointer-arith -Wshadow  -Wsign-promo -o CMakeFiles/cmTC_3b63a.dir/src.c.o   -c /home/zyz/projects/opencv/opencv-4.10.0/build/CMakeFiles/CMakeTmp/src.c
cc1: warning: command line option ‘-Wsign-promo’ is valid for C++/ObjC++ but not for C
/home/zyz/projects/opencv/opencv-4.10.0/build/CMakeFiles/CMakeTmp/src.c:1: warning: ignoring #pragma   [-Wunknown-pragmas]
    1 | #pragma
      | 
Linking C executable cmTC_3b63a
/usr/bin/cmake -E cmake_link_script CMakeFiles/cmTC_3b63a.dir/link.txt --verbose=1
/usr/bin/cc   -O3 -DNDEBUG    CMakeFiles/cmTC_3b63a.dir/src.c.o  -o cmTC_3b63a 
make[1]: Leaving directory '/home/zyz/projects/opencv/opencv-4.10.0/build/CMakeFiles/CMakeTmp'


===== END =====

Build output check failed:
    Regex: 'command[- ]line option .* is valid for .* but not for C'
    Output line: 'cc1: warning: command line option ‘-Wsuggest-override’ is valid for C++/ObjC++ but not for C'
Compilation failed:
    source file: '/home/zyz/projects/opencv/opencv-4.10.0/build/CMakeFiles/CMakeTmp/src.c'
    check option: ' -fsigned-char -W -Wall -Wreturn-type -Waddress -Wsequence-point -Wformat -Wformat-security -Wmissing-declarations -Wmissing-prototypes -Wstrict-prototypes -Wundef -Winit-self -Wpointer-arith -Wshadow -Wuninitialized  -Wsuggest-override'
===== BUILD LOG =====
Change Dir: /home/zyz/projects/opencv/opencv-4.10.0/build/CMakeFiles/CMakeTmp

Run Build Command(s):/usr/bin/make cmTC_17a59/fast && /usr/bin/make -f CMakeFiles/cmTC_17a59.dir/build.make CMakeFiles/cmTC_17a59.dir/build
make[1]: Entering directory '/home/zyz/projects/opencv/opencv-4.10.0/build/CMakeFiles/CMakeTmp'
Building C object CMakeFiles/cmTC_17a59.dir/src.c.o
/usr/bin/cc   -O3 -DNDEBUG -fPIE    -fsigned-char -W -Wall -Wreturn-type -Waddress -Wsequence-point -Wformat -Wformat-security -Wmissing-declarations -Wmissing-prototypes -Wstrict-prototypes -Wundef -Winit-self -Wpointer-arith -Wshadow -Wuninitialized  -Wsuggest-override -o CMakeFiles/cmTC_17a59.dir/src.c.o   -c /home/zyz/projects/opencv/opencv-4.10.0/build/CMakeFiles/CMakeTmp/src.c
cc1: warning: command line option ‘-Wsuggest-override’ is valid for C++/ObjC++ but not for C
/home/zyz/projects/opencv/opencv-4.10.0/build/CMakeFiles/CMakeTmp/src.c:1: warning: ignoring #pragma   [-Wunknown-pragmas]
    1 | #pragma
      | 
Linking C executable cmTC_17a59
/usr/bin/cmake -E cmake_link_script CMakeFiles/cmTC_17a59.dir/link.txt --verbose=1
/usr/bin/cc   -O3 -DNDEBUG    CMakeFiles/cmTC_17a59.dir/src.c.o  -o cmTC_17a59 
make[1]: Leaving directory '/home/zyz/projects/opencv/opencv-4.10.0/build/CMakeFiles/CMakeTmp'


===== END =====

Build output check failed:
    Regex: 'command[- ]line option .* is valid for .* but not for C'
    Output line: 'cc1: warning: command line option ‘-Wno-delete-non-virtual-dtor’ is valid for C++/ObjC++ but not for C'
Compilation failed:
    source file: '/home/zyz/projects/opencv/opencv-4.10.0/build/CMakeFiles/CMakeTmp/src.c'
    check option: ' -fsigned-char -W -Wall -Wreturn-type -Waddress -Wsequence-point -Wformat -Wformat-security -Wmissing-declarations -Wmissing-prototypes -Wstrict-prototypes -Wundef -Winit-self -Wpointer-arith -Wshadow -Wuninitialized  -Wno-delete-non-virtual-dtor'
===== BUILD LOG =====
Change Dir: /home/zyz/projects/opencv/opencv-4.10.0/build/CMakeFiles/CMakeTmp

Run Build Command(s):/usr/bin/make cmTC_b20a6/fast && /usr/bin/make -f CMakeFiles/cmTC_b20a6.dir/build.make CMakeFiles/cmTC_b20a6.dir/build
make[1]: Entering directory '/home/zyz/projects/opencv/opencv-4.10.0/build/CMakeFiles/CMakeTmp'
Building C object CMakeFiles/cmTC_b20a6.dir/src.c.o
/usr/bin/cc   -O3 -DNDEBUG -fPIE    -fsigned-char -W -Wall -Wreturn-type -Waddress -Wsequence-point -Wformat -Wformat-security -Wmissing-declarations -Wmissing-prototypes -Wstrict-prototypes -Wundef -Winit-self -Wpointer-arith -Wshadow -Wuninitialized  -Wno-delete-non-virtual-dtor -o CMakeFiles/cmTC_b20a6.dir/src.c.o   -c /home/zyz/projects/opencv/opencv-4.10.0/build/CMakeFiles/CMakeTmp/src.c
cc1: warning: command line option ‘-Wno-delete-non-virtual-dtor’ is valid for C++/ObjC++ but not for C
/home/zyz/projects/opencv/opencv-4.10.0/build/CMakeFiles/CMakeTmp/src.c:1: warning: ignoring #pragma   [-Wunknown-pragmas]
    1 | #pragma
      | 
Linking C executable cmTC_b20a6
/usr/bin/cmake -E cmake_link_script CMakeFiles/cmTC_b20a6.dir/link.txt --verbose=1
/usr/bin/cc   -O3 -DNDEBUG    CMakeFiles/cmTC_b20a6.dir/src.c.o  -o cmTC_b20a6 
make[1]: Leaving directory '/home/zyz/projects/opencv/opencv-4.10.0/build/CMakeFiles/CMakeTmp'


===== END =====

Build output check failed:
    Regex: 'unrecognized .*option'
    Output line: 'cc1plus: warning: unrecognized command line option ‘-Wno-unnamed-type-template-args’'
Compilation failed:
    source file: '/home/zyz/projects/opencv/opencv-4.10.0/build/CMakeFiles/CMakeTmp/src.cxx'
    check option: ' -fsigned-char -W -Wall -Wreturn-type -Wnon-virtual-dtor -Waddress -Wsequence-point -Wformat -Wformat-security -Wmissing-declarations -Wundef -Winit-self -Wpointer-arith -Wshadow -Wsign-promo -Wuninitialized -Wsuggest-override -Wno-delete-non-virtual-dtor  -Wno-unnamed-type-template-args'
===== BUILD LOG =====
Change Dir: /home/zyz/projects/opencv/opencv-4.10.0/build/CMakeFiles/CMakeTmp

Run Build Command(s):/usr/bin/make cmTC_9b32f/fast && /usr/bin/make -f CMakeFiles/cmTC_9b32f.dir/build.make CMakeFiles/cmTC_9b32f.dir/build
make[1]: Entering directory '/home/zyz/projects/opencv/opencv-4.10.0/build/CMakeFiles/CMakeTmp'
Building CXX object CMakeFiles/cmTC_9b32f.dir/src.cxx.o
/usr/bin/c++    -O3 -DNDEBUG -fPIE    -fsigned-char -W -Wall -Wreturn-type -Wnon-virtual-dtor -Waddress -Wsequence-point -Wformat -Wformat-security -Wmissing-declarations -Wundef -Winit-self -Wpointer-arith -Wshadow -Wsign-promo -Wuninitialized -Wsuggest-override -Wno-delete-non-virtual-dtor  -Wno-unnamed-type-template-args -std=c++11 -o CMakeFiles/cmTC_9b32f.dir/src.cxx.o -c /home/zyz/projects/opencv/opencv-4.10.0/build/CMakeFiles/CMakeTmp/src.cxx
/home/zyz/projects/opencv/opencv-4.10.0/build/CMakeFiles/CMakeTmp/src.cxx:1: warning: ignoring #pragma   [-Wunknown-pragmas]
    1 | #pragma
      | 
cc1plus: warning: unrecognized command line option ‘-Wno-unnamed-type-template-args’
Linking CXX executable cmTC_9b32f
/usr/bin/cmake -E cmake_link_script CMakeFiles/cmTC_9b32f.dir/link.txt --verbose=1
/usr/bin/c++    -O3 -DNDEBUG    CMakeFiles/cmTC_9b32f.dir/src.cxx.o  -o cmTC_9b32f 
make[1]: Leaving directory '/home/zyz/projects/opencv/opencv-4.10.0/build/CMakeFiles/CMakeTmp'


===== END =====

Build output check failed:
    Regex: 'unrecognized .*option'
    Output line: 'cc1: warning: unrecognized command line option ‘-Wno-unnamed-type-template-args’'
Compilation failed:
    source file: '/home/zyz/projects/opencv/opencv-4.10.0/build/CMakeFiles/CMakeTmp/src.c'
    check option: ' -fsigned-char -W -Wall -Wreturn-type -Waddress -Wsequence-point -Wformat -Wformat-security -Wmissing-declarations -Wmissing-prototypes -Wstrict-prototypes -Wundef -Winit-self -Wpointer-arith -Wshadow -Wuninitialized  -Wno-unnamed-type-template-args'
===== BUILD LOG =====
Change Dir: /home/zyz/projects/opencv/opencv-4.10.0/build/CMakeFiles/CMakeTmp

Run Build Command(s):/usr/bin/make cmTC_4910d/fast && /usr/bin/make -f CMakeFiles/cmTC_4910d.dir/build.make CMakeFiles/cmTC_4910d.dir/build
make[1]: Entering directory '/home/zyz/projects/opencv/opencv-4.10.0/build/CMakeFiles/CMakeTmp'
Building C object CMakeFiles/cmTC_4910d.dir/src.c.o
/usr/bin/cc   -O3 -DNDEBUG -fPIE    -fsigned-char -W -Wall -Wreturn-type -Waddress -Wsequence-point -Wformat -Wformat-security -Wmissing-declarations -Wmissing-prototypes -Wstrict-prototypes -Wundef -Winit-self -Wpointer-arith -Wshadow -Wuninitialized  -Wno-unnamed-type-template-args -o CMakeFiles/cmTC_4910d.dir/src.c.o   -c /home/zyz/projects/opencv/opencv-4.10.0/build/CMakeFiles/CMakeTmp/src.c
/home/zyz/projects/opencv/opencv-4.10.0/build/CMakeFiles/CMakeTmp/src.c:1: warning: ignoring #pragma   [-Wunknown-pragmas]
    1 | #pragma
      | 
cc1: warning: unrecognized command line option ‘-Wno-unnamed-type-template-args’
Linking C executable cmTC_4910d
/usr/bin/cmake -E cmake_link_script CMakeFiles/cmTC_4910d.dir/link.txt --verbose=1
/usr/bin/cc   -O3 -DNDEBUG    CMakeFiles/cmTC_4910d.dir/src.c.o  -o cmTC_4910d 
make[1]: Leaving directory '/home/zyz/projects/opencv/opencv-4.10.0/build/CMakeFiles/CMakeTmp'


===== END =====

Build output check failed:
    Regex: 'command[- ]line option .* is valid for .* but not for C'
    Output line: 'cc1: warning: command line option ‘-fvisibility-inlines-hidden’ is valid for C++/ObjC++ but not for C'
Compilation failed:
    source file: '/home/zyz/projects/opencv/opencv-4.10.0/build/CMakeFiles/CMakeTmp/src.c'
    check option: ' -fsigned-char -W -Wall -Wreturn-type -Waddress -Wsequence-point -Wformat -Wformat-security -Wmissing-declarations -Wmissing-prototypes -Wstrict-prototypes -Wundef -Winit-self -Wpointer-arith -Wshadow -Wuninitialized -Wno-comment -Wimplicit-fallthrough=3 -Wno-strict-overflow -fdiagnostics-show-option -Wno-long-long -pthread -fomit-frame-pointer -ffunction-sections -fdata-sections  -msse -msse2 -msse3 -fvisibility=hidden  -fvisibility-inlines-hidden'
===== BUILD LOG =====
Change Dir: /home/zyz/projects/opencv/opencv-4.10.0/build/CMakeFiles/CMakeTmp

Run Build Command(s):/usr/bin/make cmTC_090b0/fast && /usr/bin/make -f CMakeFiles/cmTC_090b0.dir/build.make CMakeFiles/cmTC_090b0.dir/build
make[1]: Entering directory '/home/zyz/projects/opencv/opencv-4.10.0/build/CMakeFiles/CMakeTmp'
Building C object CMakeFiles/cmTC_090b0.dir/src.c.o
/usr/bin/cc   -O3 -DNDEBUG -fPIE    -fsigned-char -W -Wall -Wreturn-type -Waddress -Wsequence-point -Wformat -Wformat-security -Wmissing-declarations -Wmissing-prototypes -Wstrict-prototypes -Wundef -Winit-self -Wpointer-arith -Wshadow -Wuninitialized -Wno-comment -Wimplicit-fallthrough=3 -Wno-strict-overflow -fdiagnostics-show-option -Wno-long-long -pthread -fomit-frame-pointer -ffunction-sections -fdata-sections  -msse -msse2 -msse3 -fvisibility=hidden  -fvisibility-inlines-hidden -o CMakeFiles/cmTC_090b0.dir/src.c.o   -c /home/zyz/projects/opencv/opencv-4.10.0/build/CMakeFiles/CMakeTmp/src.c
cc1: warning: command line option ‘-fvisibility-inlines-hidden’ is valid for C++/ObjC++ but not for C
/home/zyz/projects/opencv/opencv-4.10.0/build/CMakeFiles/CMakeTmp/src.c:1: warning: ignoring #pragma   [-Wunknown-pragmas]
    1 | #pragma
      | 
Linking C executable cmTC_090b0
/usr/bin/cmake -E cmake_link_script CMakeFiles/cmTC_090b0.dir/link.txt --verbose=1
/usr/bin/cc   -O3 -DNDEBUG    CMakeFiles/cmTC_090b0.dir/src.c.o  -o cmTC_090b0 
make[1]: Leaving directory '/home/zyz/projects/opencv/opencv-4.10.0/build/CMakeFiles/CMakeTmp'


===== END =====

Determining if the function sgemm_ exists failed with the following output:
Change Dir: /home/zyz/projects/opencv/opencv-4.10.0/build/CMakeFiles/CMakeTmp

Run Build Command(s):/usr/bin/make cmTC_e8abc/fast && /usr/bin/make -f CMakeFiles/cmTC_e8abc.dir/build.make CMakeFiles/cmTC_e8abc.dir/build
make[1]: Entering directory '/home/zyz/projects/opencv/opencv-4.10.0/build/CMakeFiles/CMakeTmp'
Building C object CMakeFiles/cmTC_e8abc.dir/CheckFunctionExists.c.o
/usr/bin/cc   -fsigned-char -W -Wall -Wreturn-type -Waddress -Wsequence-point -Wformat -Wformat-security -Wmissing-declarations -Wmissing-prototypes -Wstrict-prototypes -Wundef -Winit-self -Wpointer-arith -Wshadow -Wuninitialized -Wno-comment -Wimplicit-fallthrough=3 -Wno-strict-overflow -fdiagnostics-show-option -Wno-long-long -pthread -fomit-frame-pointer -ffunction-sections -fdata-sections  -msse -msse2 -msse3 -fvisibility=hidden -DCHECK_FUNCTION_EXISTS=sgemm_ -O3 -DNDEBUG  -DNDEBUG -fPIE   -o CMakeFiles/cmTC_e8abc.dir/CheckFunctionExists.c.o   -c /usr/share/cmake-3.16/Modules/CheckFunctionExists.c
Linking C executable cmTC_e8abc
/usr/bin/cmake -E cmake_link_script CMakeFiles/cmTC_e8abc.dir/link.txt --verbose=1
/usr/bin/cc    -fsigned-char -W -Wall -Wreturn-type -Waddress -Wsequence-point -Wformat -Wformat-security -Wmissing-declarations -Wmissing-prototypes -Wstrict-prototypes -Wundef -Winit-self -Wpointer-arith -Wshadow -Wuninitialized -Wno-comment -Wimplicit-fallthrough=3 -Wno-strict-overflow -fdiagnostics-show-option -Wno-long-long -pthread -fomit-frame-pointer -ffunction-sections -fdata-sections  -msse -msse2 -msse3 -fvisibility=hidden -DCHECK_FUNCTION_EXISTS=sgemm_ -O3 -DNDEBUG  -DNDEBUG    -Wl,--gc-sections -Wl,--as-needed -Wl,--no-undefined  CMakeFiles/cmTC_e8abc.dir/CheckFunctionExists.c.o  -o cmTC_e8abc 
/usr/bin/ld: CMakeFiles/cmTC_e8abc.dir/CheckFunctionExists.c.o: in function `main':
CheckFunctionExists.c:(.text.startup.main+0x10): undefined reference to `sgemm_'
collect2: error: ld returned 1 exit status
make[1]: *** [CMakeFiles/cmTC_e8abc.dir/build.make:87: cmTC_e8abc] Error 1
make[1]: Leaving directory '/home/zyz/projects/opencv/opencv-4.10.0/build/CMakeFiles/CMakeTmp'
make: *** [Makefile:121: cmTC_e8abc/fast] Error 2



Determining if the function cheev_ exists failed with the following output:
Change Dir: /home/zyz/projects/opencv/opencv-4.10.0/build/CMakeFiles/CMakeTmp

Run Build Command(s):/usr/bin/make cmTC_03e28/fast && /usr/bin/make -f CMakeFiles/cmTC_03e28.dir/build.make CMakeFiles/cmTC_03e28.dir/build
make[1]: Entering directory '/home/zyz/projects/opencv/opencv-4.10.0/build/CMakeFiles/CMakeTmp'
Building C object CMakeFiles/cmTC_03e28.dir/CheckFunctionExists.c.o
/usr/bin/cc   -fsigned-char -W -Wall -Wreturn-type -Waddress -Wsequence-point -Wformat -Wformat-security -Wmissing-declarations -Wmissing-prototypes -Wstrict-prototypes -Wundef -Winit-self -Wpointer-arith -Wshadow -Wuninitialized -Wno-comment -Wimplicit-fallthrough=3 -Wno-strict-overflow -fdiagnostics-show-option -Wno-long-long -pthread -fomit-frame-pointer -ffunction-sections -fdata-sections  -msse -msse2 -msse3 -fvisibility=hidden -DCHECK_FUNCTION_EXISTS=cheev_ -O3 -DNDEBUG  -DNDEBUG -fPIE   -o CMakeFiles/cmTC_03e28.dir/CheckFunctionExists.c.o   -c /usr/share/cmake-3.16/Modules/CheckFunctionExists.c
Linking C executable cmTC_03e28
/usr/bin/cmake -E cmake_link_script CMakeFiles/cmTC_03e28.dir/link.txt --verbose=1
/usr/bin/cc    -fsigned-char -W -Wall -Wreturn-type -Waddress -Wsequence-point -Wformat -Wformat-security -Wmissing-declarations -Wmissing-prototypes -Wstrict-prototypes -Wundef -Winit-self -Wpointer-arith -Wshadow -Wuninitialized -Wno-comment -Wimplicit-fallthrough=3 -Wno-strict-overflow -fdiagnostics-show-option -Wno-long-long -pthread -fomit-frame-pointer -ffunction-sections -fdata-sections  -msse -msse2 -msse3 -fvisibility=hidden -DCHECK_FUNCTION_EXISTS=cheev_ -O3 -DNDEBUG  -DNDEBUG    -Wl,--gc-sections -Wl,--as-needed -Wl,--no-undefined  CMakeFiles/cmTC_03e28.dir/CheckFunctionExists.c.o  -o cmTC_03e28  /usr/lib/x86_64-linux-gnu/libf77blas.so /usr/lib/x86_64-linux-gnu/libatlas.so 
/usr/bin/ld: CMakeFiles/cmTC_03e28.dir/CheckFunctionExists.c.o: in function `main':
CheckFunctionExists.c:(.text.startup.main+0x10): undefined reference to `cheev_'
collect2: error: ld returned 1 exit status
make[1]: *** [CMakeFiles/cmTC_03e28.dir/build.make:89: cmTC_03e28] Error 1
make[1]: Leaving directory '/home/zyz/projects/opencv/opencv-4.10.0/build/CMakeFiles/CMakeTmp'
make: *** [Makefile:121: cmTC_03e28/fast] Error 2



Build output check failed:
    Regex: 'command[- ]line option .* is valid for .* but not for C\+\+'
    Output line: 'cc1plus: warning: command line option ‘-Wno-missing-prototypes’ is valid for C/ObjC but not for C++'
Compilation failed:
    source file: '/home/zyz/projects/opencv/opencv-4.10.0/build/CMakeFiles/CMakeTmp/src.cxx'
    check option: ' -Wno-missing-prototypes'
===== BUILD LOG =====
Change Dir: /home/zyz/projects/opencv/opencv-4.10.0/build/CMakeFiles/CMakeTmp

Run Build Command(s):/usr/bin/make cmTC_bcc7b/fast && /usr/bin/make -f CMakeFiles/cmTC_bcc7b.dir/build.make CMakeFiles/cmTC_bcc7b.dir/build
make[1]: Entering directory '/home/zyz/projects/opencv/opencv-4.10.0/build/CMakeFiles/CMakeTmp'
Building CXX object CMakeFiles/cmTC_bcc7b.dir/src.cxx.o
/usr/bin/c++    -fsigned-char -W -Wall -Wreturn-type -Wnon-virtual-dtor -Waddress -Wsequence-point -Wformat -Wformat-security -Wmissing-declarations -Wundef -Winit-self -Wpointer-arith -Wshadow -Wsign-promo -Wuninitialized -Wsuggest-override -Wno-delete-non-virtual-dtor -Wno-comment -Wimplicit-fallthrough=3 -Wno-strict-overflow -fdiagnostics-show-option -Wno-long-long -pthread -fomit-frame-pointer -ffunction-sections -fdata-sections  -msse -msse2 -msse3 -fvisibility=hidden -fvisibility-inlines-hidden -Wno-deprecated  -O3 -DNDEBUG  -DNDEBUG -fPIE    -Wno-missing-prototypes -std=c++11 -o CMakeFiles/cmTC_bcc7b.dir/src.cxx.o -c /home/zyz/projects/opencv/opencv-4.10.0/build/CMakeFiles/CMakeTmp/src.cxx
cc1plus: warning: command line option ‘-Wno-missing-prototypes’ is valid for C/ObjC but not for C++
/home/zyz/projects/opencv/opencv-4.10.0/build/CMakeFiles/CMakeTmp/src.cxx:1: warning: ignoring #pragma   [-Wunknown-pragmas]
    1 | #pragma
      | 
Linking CXX executable cmTC_bcc7b
/usr/bin/cmake -E cmake_link_script CMakeFiles/cmTC_bcc7b.dir/link.txt --verbose=1
/usr/bin/c++     -fsigned-char -W -Wall -Wreturn-type -Wnon-virtual-dtor -Waddress -Wsequence-point -Wformat -Wformat-security -Wmissing-declarations -Wundef -Winit-self -Wpointer-arith -Wshadow -Wsign-promo -Wuninitialized -Wsuggest-override -Wno-delete-non-virtual-dtor -Wno-comment -Wimplicit-fallthrough=3 -Wno-strict-overflow -fdiagnostics-show-option -Wno-long-long -pthread -fomit-frame-pointer -ffunction-sections -fdata-sections  -msse -msse2 -msse3 -fvisibility=hidden -fvisibility-inlines-hidden -Wno-deprecated  -O3 -DNDEBUG  -DNDEBUG    -Wl,--gc-sections -Wl,--as-needed -Wl,--no-undefined  CMakeFiles/cmTC_bcc7b.dir/src.cxx.o  -o cmTC_bcc7b 
make[1]: Leaving directory '/home/zyz/projects/opencv/opencv-4.10.0/build/CMakeFiles/CMakeTmp'


===== END =====

Build output check failed:
    Regex: 'unrecognized .*option'
    Output line: 'cc1plus: warning: unrecognized command line option ‘-Wno-tautological-undefined-compare’'
Compilation failed:
    source file: '/home/zyz/projects/opencv/opencv-4.10.0/build/CMakeFiles/CMakeTmp/src.cxx'
    check option: ' -Wno-tautological-undefined-compare'
===== BUILD LOG =====
Change Dir: /home/zyz/projects/opencv/opencv-4.10.0/build/CMakeFiles/CMakeTmp

Run Build Command(s):/usr/bin/make cmTC_c9102/fast && /usr/bin/make -f CMakeFiles/cmTC_c9102.dir/build.make CMakeFiles/cmTC_c9102.dir/build
make[1]: Entering directory '/home/zyz/projects/opencv/opencv-4.10.0/build/CMakeFiles/CMakeTmp'
Building CXX object CMakeFiles/cmTC_c9102.dir/src.cxx.o
/usr/bin/c++    -fsigned-char -W -Wall -Wreturn-type -Wnon-virtual-dtor -Waddress -Wsequence-point -Wformat -Wformat-security -Winit-self -Wpointer-arith -Wuninitialized -Wsuggest-override -Wno-delete-non-virtual-dtor -Wno-comment -Wimplicit-fallthrough=3 -Wno-strict-overflow -fdiagnostics-show-option -Wno-long-long -pthread -fomit-frame-pointer -ffunction-sections -fdata-sections  -msse -msse2 -msse3 -fvisibility=hidden -fvisibility-inlines-hidden -Wno-deprecated -Wno-missing-declarations -Wno-shadow -Wno-unused-parameter -Wno-unused-local-typedefs -Wno-sign-compare -Wno-sign-promo -Wno-undef  -O3 -DNDEBUG  -DNDEBUG -fPIE    -Wno-tautological-undefined-compare -std=c++11 -o CMakeFiles/cmTC_c9102.dir/src.cxx.o -c /home/zyz/projects/opencv/opencv-4.10.0/build/CMakeFiles/CMakeTmp/src.cxx
/home/zyz/projects/opencv/opencv-4.10.0/build/CMakeFiles/CMakeTmp/src.cxx:1: warning: ignoring #pragma   [-Wunknown-pragmas]
    1 | #pragma
      | 
cc1plus: warning: unrecognized command line option ‘-Wno-tautological-undefined-compare’
Linking CXX executable cmTC_c9102
/usr/bin/cmake -E cmake_link_script CMakeFiles/cmTC_c9102.dir/link.txt --verbose=1
/usr/bin/c++     -fsigned-char -W -Wall -Wreturn-type -Wnon-virtual-dtor -Waddress -Wsequence-point -Wformat -Wformat-security -Winit-self -Wpointer-arith -Wuninitialized -Wsuggest-override -Wno-delete-non-virtual-dtor -Wno-comment -Wimplicit-fallthrough=3 -Wno-strict-overflow -fdiagnostics-show-option -Wno-long-long -pthread -fomit-frame-pointer -ffunction-sections -fdata-sections  -msse -msse2 -msse3 -fvisibility=hidden -fvisibility-inlines-hidden -Wno-deprecated -Wno-missing-declarations -Wno-shadow -Wno-unused-parameter -Wno-unused-local-typedefs -Wno-sign-compare -Wno-sign-promo -Wno-undef  -O3 -DNDEBUG  -DNDEBUG    -Wl,--gc-sections -Wl,--as-needed -Wl,--no-undefined  CMakeFiles/cmTC_c9102.dir/src.cxx.o  -o cmTC_c9102 
make[1]: Leaving directory '/home/zyz/projects/opencv/opencv-4.10.0/build/CMakeFiles/CMakeTmp'


===== END =====

Build output check failed:
    Regex: 'unrecognized .*option'
    Output line: 'cc1plus: warning: unrecognized command line option ‘-Wno-shorten-64-to-32’'
Compilation failed:
    source file: '/home/zyz/projects/opencv/opencv-4.10.0/build/CMakeFiles/CMakeTmp/src.cxx'
    check option: ' -Wno-shorten-64-to-32'
===== BUILD LOG =====
Change Dir: /home/zyz/projects/opencv/opencv-4.10.0/build/CMakeFiles/CMakeTmp

Run Build Command(s):/usr/bin/make cmTC_dfeb1/fast && /usr/bin/make -f CMakeFiles/cmTC_dfeb1.dir/build.make CMakeFiles/cmTC_dfeb1.dir/build
make[1]: Entering directory '/home/zyz/projects/opencv/opencv-4.10.0/build/CMakeFiles/CMakeTmp'
Building CXX object CMakeFiles/cmTC_dfeb1.dir/src.cxx.o
/usr/bin/c++    -fsigned-char -W -Wall -Wreturn-type -Wnon-virtual-dtor -Waddress -Wsequence-point -Wformat -Wformat-security -Winit-self -Wpointer-arith -Wuninitialized -Wsuggest-override -Wno-delete-non-virtual-dtor -Wno-comment -Wimplicit-fallthrough=3 -Wno-strict-overflow -fdiagnostics-show-option -Wno-long-long -pthread -fomit-frame-pointer -ffunction-sections -fdata-sections  -msse -msse2 -msse3 -fvisibility=hidden -fvisibility-inlines-hidden -Wno-deprecated -Wno-missing-declarations -Wno-shadow -Wno-unused-parameter -Wno-unused-local-typedefs -Wno-sign-compare -Wno-sign-promo -Wno-undef -Wno-ignored-qualifiers -Wno-extra -Wno-unused-function -Wno-unused-const-variable  -O3 -DNDEBUG  -DNDEBUG -fPIE    -Wno-shorten-64-to-32 -std=c++11 -o CMakeFiles/cmTC_dfeb1.dir/src.cxx.o -c /home/zyz/projects/opencv/opencv-4.10.0/build/CMakeFiles/CMakeTmp/src.cxx
/home/zyz/projects/opencv/opencv-4.10.0/build/CMakeFiles/CMakeTmp/src.cxx:1: warning: ignoring #pragma   [-Wunknown-pragmas]
    1 | #pragma
      | 
cc1plus: warning: unrecognized command line option ‘-Wno-shorten-64-to-32’
Linking CXX executable cmTC_dfeb1
/usr/bin/cmake -E cmake_link_script CMakeFiles/cmTC_dfeb1.dir/link.txt --verbose=1
/usr/bin/c++     -fsigned-char -W -Wall -Wreturn-type -Wnon-virtual-dtor -Waddress -Wsequence-point -Wformat -Wformat-security -Winit-self -Wpointer-arith -Wuninitialized -Wsuggest-override -Wno-delete-non-virtual-dtor -Wno-comment -Wimplicit-fallthrough=3 -Wno-strict-overflow -fdiagnostics-show-option -Wno-long-long -pthread -fomit-frame-pointer -ffunction-sections -fdata-sections  -msse -msse2 -msse3 -fvisibility=hidden -fvisibility-inlines-hidden -Wno-deprecated -Wno-missing-declarations -Wno-shadow -Wno-unused-parameter -Wno-unused-local-typedefs -Wno-sign-compare -Wno-sign-promo -Wno-undef -Wno-ignored-qualifiers -Wno-extra -Wno-unused-function -Wno-unused-const-variable  -O3 -DNDEBUG  -DNDEBUG    -Wl,--gc-sections -Wl,--as-needed -Wl,--no-undefined  CMakeFiles/cmTC_dfeb1.dir/src.cxx.o  -o cmTC_dfeb1 
make[1]: Leaving directory '/home/zyz/projects/opencv/opencv-4.10.0/build/CMakeFiles/CMakeTmp'


===== END =====

Build output check failed:
    Regex: 'unrecognized .*option'
    Output line: 'cc1plus: warning: unrecognized command line option ‘-Wno-enum-compare-switch’'
Compilation failed:
    source file: '/home/zyz/projects/opencv/opencv-4.10.0/build/CMakeFiles/CMakeTmp/src.cxx'
    check option: ' -Wno-enum-compare-switch'
===== BUILD LOG =====
Change Dir: /home/zyz/projects/opencv/opencv-4.10.0/build/CMakeFiles/CMakeTmp

Run Build Command(s):/usr/bin/make cmTC_4aa72/fast && /usr/bin/make -f CMakeFiles/cmTC_4aa72.dir/build.make CMakeFiles/cmTC_4aa72.dir/build
make[1]: Entering directory '/home/zyz/projects/opencv/opencv-4.10.0/build/CMakeFiles/CMakeTmp'
Building CXX object CMakeFiles/cmTC_4aa72.dir/src.cxx.o
/usr/bin/c++    -fsigned-char -W -Wall -Wreturn-type -Wnon-virtual-dtor -Waddress -Wsequence-point -Wformat -Wformat-security -Winit-self -Wpointer-arith -Wuninitialized -Wsuggest-override -Wno-delete-non-virtual-dtor -Wno-comment -Wimplicit-fallthrough=3 -Wno-strict-overflow -fdiagnostics-show-option -Wno-long-long -pthread -fomit-frame-pointer -ffunction-sections -fdata-sections  -msse -msse2 -msse3 -fvisibility=hidden -fvisibility-inlines-hidden -Wno-deprecated -Wno-missing-declarations -Wno-shadow -Wno-unused-parameter -Wno-unused-local-typedefs -Wno-sign-compare -Wno-sign-promo -Wno-undef -Wno-ignored-qualifiers -Wno-extra -Wno-unused-function -Wno-unused-const-variable -Wno-invalid-offsetof  -O3 -DNDEBUG  -DNDEBUG -fPIE    -Wno-enum-compare-switch -std=c++11 -o CMakeFiles/cmTC_4aa72.dir/src.cxx.o -c /home/zyz/projects/opencv/opencv-4.10.0/build/CMakeFiles/CMakeTmp/src.cxx
/home/zyz/projects/opencv/opencv-4.10.0/build/CMakeFiles/CMakeTmp/src.cxx:1: warning: ignoring #pragma   [-Wunknown-pragmas]
    1 | #pragma
      | 
cc1plus: warning: unrecognized command line option ‘-Wno-enum-compare-switch’
Linking CXX executable cmTC_4aa72
/usr/bin/cmake -E cmake_link_script CMakeFiles/cmTC_4aa72.dir/link.txt --verbose=1
/usr/bin/c++     -fsigned-char -W -Wall -Wreturn-type -Wnon-virtual-dtor -Waddress -Wsequence-point -Wformat -Wformat-security -Winit-self -Wpointer-arith -Wuninitialized -Wsuggest-override -Wno-delete-non-virtual-dtor -Wno-comment -Wimplicit-fallthrough=3 -Wno-strict-overflow -fdiagnostics-show-option -Wno-long-long -pthread -fomit-frame-pointer -ffunction-sections -fdata-sections  -msse -msse2 -msse3 -fvisibility=hidden -fvisibility-inlines-hidden -Wno-deprecated -Wno-missing-declarations -Wno-shadow -Wno-unused-parameter -Wno-unused-local-typedefs -Wno-sign-compare -Wno-sign-promo -Wno-undef -Wno-ignored-qualifiers -Wno-extra -Wno-unused-function -Wno-unused-const-variable -Wno-invalid-offsetof  -O3 -DNDEBUG  -DNDEBUG    -Wl,--gc-sections -Wl,--as-needed -Wl,--no-undefined  CMakeFiles/cmTC_4aa72.dir/src.cxx.o  -o cmTC_4aa72 
make[1]: Leaving directory '/home/zyz/projects/opencv/opencv-4.10.0/build/CMakeFiles/CMakeTmp'


===== END =====

Build output check failed:
    Regex: 'unrecognized .*option'
    Output line: 'cc1plus: warning: unrecognized command line option ‘-Wno-inconsistent-missing-override’'
Compilation failed:
    source file: '/home/zyz/projects/opencv/opencv-4.10.0/build/CMakeFiles/CMakeTmp/src.cxx'
    check option: ' -Wno-inconsistent-missing-override'
===== BUILD LOG =====
Change Dir: /home/zyz/projects/opencv/opencv-4.10.0/build/CMakeFiles/CMakeTmp

Run Build Command(s):/usr/bin/make cmTC_3b6ac/fast && /usr/bin/make -f CMakeFiles/cmTC_3b6ac.dir/build.make CMakeFiles/cmTC_3b6ac.dir/build
make[1]: Entering directory '/home/zyz/projects/opencv/opencv-4.10.0/build/CMakeFiles/CMakeTmp'
Building CXX object CMakeFiles/cmTC_3b6ac.dir/src.cxx.o
/usr/bin/c++    -fsigned-char -W -Wall -Wreturn-type -Wnon-virtual-dtor -Waddress -Wsequence-point -Wformat -Wformat-security -Winit-self -Wpointer-arith -Wuninitialized -Wno-delete-non-virtual-dtor -Wno-comment -Wimplicit-fallthrough=3 -Wno-strict-overflow -fdiagnostics-show-option -Wno-long-long -pthread -fomit-frame-pointer -ffunction-sections -fdata-sections  -msse -msse2 -msse3 -fvisibility=hidden -fvisibility-inlines-hidden -Wno-deprecated -Wno-missing-declarations -Wno-shadow -Wno-unused-parameter -Wno-unused-local-typedefs -Wno-sign-compare -Wno-sign-promo -Wno-undef -Wno-ignored-qualifiers -Wno-extra -Wno-unused-function -Wno-unused-const-variable -Wno-invalid-offsetof -Wno-suggest-override  -O3 -DNDEBUG  -DNDEBUG -fPIE    -Wno-inconsistent-missing-override -std=c++11 -o CMakeFiles/cmTC_3b6ac.dir/src.cxx.o -c /home/zyz/projects/opencv/opencv-4.10.0/build/CMakeFiles/CMakeTmp/src.cxx
/home/zyz/projects/opencv/opencv-4.10.0/build/CMakeFiles/CMakeTmp/src.cxx:1: warning: ignoring #pragma   [-Wunknown-pragmas]
    1 | #pragma
      | 
cc1plus: warning: unrecognized command line option ‘-Wno-inconsistent-missing-override’
Linking CXX executable cmTC_3b6ac
/usr/bin/cmake -E cmake_link_script CMakeFiles/cmTC_3b6ac.dir/link.txt --verbose=1
/usr/bin/c++     -fsigned-char -W -Wall -Wreturn-type -Wnon-virtual-dtor -Waddress -Wsequence-point -Wformat -Wformat-security -Winit-self -Wpointer-arith -Wuninitialized -Wno-delete-non-virtual-dtor -Wno-comment -Wimplicit-fallthrough=3 -Wno-strict-overflow -fdiagnostics-show-option -Wno-long-long -pthread -fomit-frame-pointer -ffunction-sections -fdata-sections  -msse -msse2 -msse3 -fvisibility=hidden -fvisibility-inlines-hidden -Wno-deprecated -Wno-missing-declarations -Wno-shadow -Wno-unused-parameter -Wno-unused-local-typedefs -Wno-sign-compare -Wno-sign-promo -Wno-undef -Wno-ignored-qualifiers -Wno-extra -Wno-unused-function -Wno-unused-const-variable -Wno-invalid-offsetof -Wno-suggest-override  -O3 -DNDEBUG  -DNDEBUG    -Wl,--gc-sections -Wl,--as-needed -Wl,--no-undefined  CMakeFiles/cmTC_3b6ac.dir/src.cxx.o  -o cmTC_3b6ac 
make[1]: Leaving directory '/home/zyz/projects/opencv/opencv-4.10.0/build/CMakeFiles/CMakeTmp'


===== END =====

Build output check failed:
    Regex: 'unrecognized .*option'
    Output line: 'cc1plus: warning: unrecognized command line option ‘-Wno-stringop-overread’'
Compilation failed:
    source file: '/home/zyz/projects/opencv/opencv-4.10.0/build/CMakeFiles/CMakeTmp/src.cxx'
    check option: ' -Wno-stringop-overread'
===== BUILD LOG =====
Change Dir: /home/zyz/projects/opencv/opencv-4.10.0/build/CMakeFiles/CMakeTmp

Run Build Command(s):/usr/bin/make cmTC_d448f/fast && /usr/bin/make -f CMakeFiles/cmTC_d448f.dir/build.make CMakeFiles/cmTC_d448f.dir/build
make[1]: Entering directory '/home/zyz/projects/opencv/opencv-4.10.0/build/CMakeFiles/CMakeTmp'
Building CXX object CMakeFiles/cmTC_d448f.dir/src.cxx.o
/usr/bin/c++    -fsigned-char -W -Wall -Wreturn-type -Wnon-virtual-dtor -Waddress -Wsequence-point -Wformat -Wformat-security -Winit-self -Wpointer-arith -Wuninitialized -Wno-delete-non-virtual-dtor -Wno-comment -Wno-strict-overflow -fdiagnostics-show-option -Wno-long-long -pthread -fomit-frame-pointer -ffunction-sections -fdata-sections  -msse -msse2 -msse3 -fvisibility=hidden -fvisibility-inlines-hidden -Wno-deprecated -Wno-missing-declarations -Wno-shadow -Wno-unused-parameter -Wno-unused-local-typedefs -Wno-sign-compare -Wno-sign-promo -Wno-undef -Wno-ignored-qualifiers -Wno-extra -Wno-unused-function -Wno-unused-const-variable -Wno-invalid-offsetof -Wno-suggest-override -Wno-implicit-fallthrough -Wno-array-bounds -Wno-stringop-overflow  -O3 -DNDEBUG  -DNDEBUG -fPIE    -Wno-stringop-overread -std=c++11 -o CMakeFiles/cmTC_d448f.dir/src.cxx.o -c /home/zyz/projects/opencv/opencv-4.10.0/build/CMakeFiles/CMakeTmp/src.cxx
/home/zyz/projects/opencv/opencv-4.10.0/build/CMakeFiles/CMakeTmp/src.cxx:1: warning: ignoring #pragma   [-Wunknown-pragmas]
    1 | #pragma
      | 
cc1plus: warning: unrecognized command line option ‘-Wno-stringop-overread’
Linking CXX executable cmTC_d448f
/usr/bin/cmake -E cmake_link_script CMakeFiles/cmTC_d448f.dir/link.txt --verbose=1
/usr/bin/c++     -fsigned-char -W -Wall -Wreturn-type -Wnon-virtual-dtor -Waddress -Wsequence-point -Wformat -Wformat-security -Winit-self -Wpointer-arith -Wuninitialized -Wno-delete-non-virtual-dtor -Wno-comment -Wno-strict-overflow -fdiagnostics-show-option -Wno-long-long -pthread -fomit-frame-pointer -ffunction-sections -fdata-sections  -msse -msse2 -msse3 -fvisibility=hidden -fvisibility-inlines-hidden -Wno-deprecated -Wno-missing-declarations -Wno-shadow -Wno-unused-parameter -Wno-unused-local-typedefs -Wno-sign-compare -Wno-sign-promo -Wno-undef -Wno-ignored-qualifiers -Wno-extra -Wno-unused-function -Wno-unused-const-variable -Wno-invalid-offsetof -Wno-suggest-override -Wno-implicit-fallthrough -Wno-array-bounds -Wno-stringop-overflow  -O3 -DNDEBUG  -DNDEBUG    -Wl,--gc-sections -Wl,--as-needed -Wl,--no-undefined  CMakeFiles/cmTC_d448f.dir/src.cxx.o  -o cmTC_d448f 
make[1]: Leaving directory '/home/zyz/projects/opencv/opencv-4.10.0/build/CMakeFiles/CMakeTmp'


===== END =====

Build output check failed:
    Regex: 'unrecognized .*option'
    Output line: 'cc1plus: warning: unrecognized command line option ‘-Wno-comma’'
Compilation failed:
    source file: '/home/zyz/projects/opencv/opencv-4.10.0/build/CMakeFiles/CMakeTmp/src.cxx'
    check option: ' -Wno-comma'
===== BUILD LOG =====
Change Dir: /home/zyz/projects/opencv/opencv-4.10.0/build/CMakeFiles/CMakeTmp

Run Build Command(s):/usr/bin/make cmTC_46054/fast && /usr/bin/make -f CMakeFiles/cmTC_46054.dir/build.make CMakeFiles/cmTC_46054.dir/build
make[1]: Entering directory '/home/zyz/projects/opencv/opencv-4.10.0/build/CMakeFiles/CMakeTmp'
Building CXX object CMakeFiles/cmTC_46054.dir/src.cxx.o
/usr/bin/c++    -fsigned-char -W -Wall -Wreturn-type -Wnon-virtual-dtor -Waddress -Wsequence-point -Wformat -Wformat-security -Winit-self -Wpointer-arith -Wuninitialized -Wno-delete-non-virtual-dtor -Wno-comment -Wno-strict-overflow -fdiagnostics-show-option -Wno-long-long -pthread -fomit-frame-pointer -ffunction-sections -fdata-sections  -msse -msse2 -msse3 -fvisibility=hidden -fvisibility-inlines-hidden -Wno-deprecated -Wno-missing-declarations -Wno-shadow -Wno-unused-parameter -Wno-unused-local-typedefs -Wno-sign-compare -Wno-sign-promo -Wno-undef -Wno-ignored-qualifiers -Wno-extra -Wno-unused-function -Wno-unused-const-variable -Wno-invalid-offsetof -Wno-suggest-override -Wno-implicit-fallthrough -Wno-array-bounds -Wno-stringop-overflow -Wno-extra-semi  -O3 -DNDEBUG  -DNDEBUG -fPIE    -Wno-comma -std=c++11 -o CMakeFiles/cmTC_46054.dir/src.cxx.o -c /home/zyz/projects/opencv/opencv-4.10.0/build/CMakeFiles/CMakeTmp/src.cxx
/home/zyz/projects/opencv/opencv-4.10.0/build/CMakeFiles/CMakeTmp/src.cxx:1: warning: ignoring #pragma   [-Wunknown-pragmas]
    1 | #pragma
      | 
cc1plus: warning: unrecognized command line option ‘-Wno-comma’
Linking CXX executable cmTC_46054
/usr/bin/cmake -E cmake_link_script CMakeFiles/cmTC_46054.dir/link.txt --verbose=1
/usr/bin/c++     -fsigned-char -W -Wall -Wreturn-type -Wnon-virtual-dtor -Waddress -Wsequence-point -Wformat -Wformat-security -Winit-self -Wpointer-arith -Wuninitialized -Wno-delete-non-virtual-dtor -Wno-comment -Wno-strict-overflow -fdiagnostics-show-option -Wno-long-long -pthread -fomit-frame-pointer -ffunction-sections -fdata-sections  -msse -msse2 -msse3 -fvisibility=hidden -fvisibility-inlines-hidden -Wno-deprecated -Wno-missing-declarations -Wno-shadow -Wno-unused-parameter -Wno-unused-local-typedefs -Wno-sign-compare -Wno-sign-promo -Wno-undef -Wno-ignored-qualifiers -Wno-extra -Wno-unused-function -Wno-unused-const-variable -Wno-invalid-offsetof -Wno-suggest-override -Wno-implicit-fallthrough -Wno-array-bounds -Wno-stringop-overflow -Wno-extra-semi  -O3 -DNDEBUG  -DNDEBUG    -Wl,--gc-sections -Wl,--as-needed -Wl,--no-undefined  CMakeFiles/cmTC_46054.dir/src.cxx.o  -o cmTC_46054 
make[1]: Leaving directory '/home/zyz/projects/opencv/opencv-4.10.0/build/CMakeFiles/CMakeTmp'


===== END =====

Determining if the include file sys/videoio.h exists failed with the following output:
Change Dir: /home/zyz/projects/opencv/opencv-4.10.0/build/CMakeFiles/CMakeTmp

Run Build Command(s):/usr/bin/make cmTC_5229f/fast && /usr/bin/make -f CMakeFiles/cmTC_5229f.dir/build.make CMakeFiles/cmTC_5229f.dir/build
make[1]: Entering directory '/home/zyz/projects/opencv/opencv-4.10.0/build/CMakeFiles/CMakeTmp'
Building C object CMakeFiles/cmTC_5229f.dir/CheckIncludeFile.c.o
/usr/bin/cc   -fsigned-char -W -Wall -Wreturn-type -Waddress -Wsequence-point -Wformat -Wformat-security -Wmissing-declarations -Wmissing-prototypes -Wstrict-prototypes -Wundef -Winit-self -Wpointer-arith -Wshadow -Wuninitialized -Wno-comment -Wimplicit-fallthrough=3 -Wno-strict-overflow -fdiagnostics-show-option -Wno-long-long -pthread -fomit-frame-pointer -ffunction-sections -fdata-sections  -msse -msse2 -msse3 -fvisibility=hidden  -O3 -DNDEBUG  -DNDEBUG -fPIE   -o CMakeFiles/cmTC_5229f.dir/CheckIncludeFile.c.o   -c /home/zyz/projects/opencv/opencv-4.10.0/build/CMakeFiles/CMakeTmp/CheckIncludeFile.c
/home/zyz/projects/opencv/opencv-4.10.0/build/CMakeFiles/CMakeTmp/CheckIncludeFile.c:1:10: fatal error: sys/videoio.h: No such file or directory
    1 | #include <sys/videoio.h>
      |          ^~~~~~~~~~~~~~~
compilation terminated.
make[1]: *** [CMakeFiles/cmTC_5229f.dir/build.make:66: CMakeFiles/cmTC_5229f.dir/CheckIncludeFile.c.o] Error 1
make[1]: Leaving directory '/home/zyz/projects/opencv/opencv-4.10.0/build/CMakeFiles/CMakeTmp'
make: *** [Makefile:121: cmTC_5229f/fast] Error 2



Build output check failed:
    Regex: 'unrecognized .*option'
    Output line: 'cc1plus: warning: unrecognized command line option ‘-Wno-unused-private-field’'
Compilation failed:
    source file: '/home/zyz/projects/opencv/opencv-4.10.0/build/CMakeFiles/CMakeTmp/src.cxx'
    check option: ' -Wno-unused-private-field'
===== BUILD LOG =====
Change Dir: /home/zyz/projects/opencv/opencv-4.10.0/build/CMakeFiles/CMakeTmp

Run Build Command(s):/usr/bin/make cmTC_a8788/fast && /usr/bin/make -f CMakeFiles/cmTC_a8788.dir/build.make CMakeFiles/cmTC_a8788.dir/build
make[1]: Entering directory '/home/zyz/projects/opencv/opencv-4.10.0/build/CMakeFiles/CMakeTmp'
Building CXX object CMakeFiles/cmTC_a8788.dir/src.cxx.o
/usr/bin/c++    -fsigned-char -W -Wall -Wreturn-type -Wnon-virtual-dtor -Waddress -Wsequence-point -Wformat -Wformat-security -Wmissing-declarations -Wundef -Winit-self -Wpointer-arith -Wshadow -Wsign-promo -Wuninitialized -Wsuggest-override -Wno-delete-non-virtual-dtor -Wno-comment -Wimplicit-fallthrough=3 -Wno-strict-overflow -fdiagnostics-show-option -Wno-long-long -pthread -fomit-frame-pointer -ffunction-sections -fdata-sections  -msse -msse2 -msse3 -fvisibility=hidden -fvisibility-inlines-hidden -Wno-unused-function -Wno-deprecated-declarations -Wno-overloaded-virtual  -O3 -DNDEBUG  -DNDEBUG -fPIE    -Wno-unused-private-field -std=c++11 -o CMakeFiles/cmTC_a8788.dir/src.cxx.o -c /home/zyz/projects/opencv/opencv-4.10.0/build/CMakeFiles/CMakeTmp/src.cxx
/home/zyz/projects/opencv/opencv-4.10.0/build/CMakeFiles/CMakeTmp/src.cxx:1: warning: ignoring #pragma   [-Wunknown-pragmas]
    1 | #pragma
      | 
cc1plus: warning: unrecognized command line option ‘-Wno-unused-private-field’
Linking CXX executable cmTC_a8788
/usr/bin/cmake -E cmake_link_script CMakeFiles/cmTC_a8788.dir/link.txt --verbose=1
/usr/bin/c++     -fsigned-char -W -Wall -Wreturn-type -Wnon-virtual-dtor -Waddress -Wsequence-point -Wformat -Wformat-security -Wmissing-declarations -Wundef -Winit-self -Wpointer-arith -Wshadow -Wsign-promo -Wuninitialized -Wsuggest-override -Wno-delete-non-virtual-dtor -Wno-comment -Wimplicit-fallthrough=3 -Wno-strict-overflow -fdiagnostics-show-option -Wno-long-long -pthread -fomit-frame-pointer -ffunction-sections -fdata-sections  -msse -msse2 -msse3 -fvisibility=hidden -fvisibility-inlines-hidden -Wno-unused-function -Wno-deprecated-declarations -Wno-overloaded-virtual  -O3 -DNDEBUG  -DNDEBUG    -Wl,--gc-sections -Wl,--as-needed -Wl,--no-undefined  CMakeFiles/cmTC_a8788.dir/src.cxx.o  -o cmTC_a8788 
make[1]: Leaving directory '/home/zyz/projects/opencv/opencv-4.10.0/build/CMakeFiles/CMakeTmp'


===== END =====

